Analysis & Synthesis report for OVPN
Wed Nov 23 13:48:07 2016
Quartus II 32-bit Version 12.0 Build 263 08/02/2012 Service Pack 2 SJ Web Edition


---------------------
; Table of Contents ;
---------------------
  1. Legal Notice
  2. Analysis & Synthesis Summary
  3. Analysis & Synthesis Settings
  4. Parallel Compilation
  5. Analysis & Synthesis IP Cores Summary
  6. Analysis & Synthesis Messages



----------------
; Legal Notice ;
----------------
Copyright (C) 1991-2012 Altera Corporation
Your use of Altera Corporation's design tools, logic functions 
and other software and tools, and its AMPP partner logic 
functions, and any output files from any of the foregoing 
(including device programming or simulation files), and any 
associated documentation or information are expressly subject 
to the terms and conditions of the Altera Program License 
Subscription Agreement, Altera MegaCore Function License 
Agreement, or other applicable license agreement, including, 
without limitation, that your use is for the sole purpose of 
programming logic devices manufactured by Altera and sold by 
Altera or its authorized distributors.  Please refer to the 
applicable agreement for further details.



+------------------------------------------------------------------------------------+
; Analysis & Synthesis Summary                                                       ;
+------------------------------------+-----------------------------------------------+
; Analysis & Synthesis Status        ; Failed - Wed Nov 23 13:48:07 2016             ;
; Quartus II 32-bit Version          ; 12.0 Build 263 08/02/2012 SP 2 SJ Web Edition ;
; Revision Name                      ; OVPN                                          ;
; Top-level Entity Name              ; OVPN                                          ;
; Family                             ; Cyclone II                                    ;
; Total logic elements               ; N/A until Partition Merge                     ;
;     Total combinational functions  ; N/A until Partition Merge                     ;
;     Dedicated logic registers      ; N/A until Partition Merge                     ;
; Total registers                    ; N/A until Partition Merge                     ;
; Total pins                         ; N/A until Partition Merge                     ;
; Total virtual pins                 ; N/A until Partition Merge                     ;
; Total memory bits                  ; N/A until Partition Merge                     ;
; Embedded Multiplier 9-bit elements ; N/A until Partition Merge                     ;
; Total PLLs                         ; N/A until Partition Merge                     ;
+------------------------------------+-----------------------------------------------+


+----------------------------------------------------------------------------------------------------------------------+
; Analysis & Synthesis Settings                                                                                        ;
+----------------------------------------------------------------------------+--------------------+--------------------+
; Option                                                                     ; Setting            ; Default Value      ;
+----------------------------------------------------------------------------+--------------------+--------------------+
; Device                                                                     ; EP2C70F896C6       ;                    ;
; Top-level entity name                                                      ; OVPN               ; OVPN               ;
; Family name                                                                ; Cyclone II         ; Cyclone IV GX      ;
; Use smart compilation                                                      ; Off                ; Off                ;
; Enable parallel Assembler and TimeQuest Timing Analyzer during compilation ; On                 ; On                 ;
; Enable compact report table                                                ; Off                ; Off                ;
; Restructure Multiplexers                                                   ; Auto               ; Auto               ;
; Create Debugging Nodes for IP Cores                                        ; Off                ; Off                ;
; Preserve fewer node names                                                  ; On                 ; On                 ;
; Disable OpenCore Plus hardware evaluation                                  ; Off                ; Off                ;
; Verilog Version                                                            ; Verilog_2001       ; Verilog_2001       ;
; VHDL Version                                                               ; VHDL_1993          ; VHDL_1993          ;
; State Machine Processing                                                   ; Auto               ; Auto               ;
; Safe State Machine                                                         ; Off                ; Off                ;
; Extract Verilog State Machines                                             ; On                 ; On                 ;
; Extract VHDL State Machines                                                ; On                 ; On                 ;
; Ignore Verilog initial constructs                                          ; Off                ; Off                ;
; Iteration limit for constant Verilog loops                                 ; 5000               ; 5000               ;
; Iteration limit for non-constant Verilog loops                             ; 250                ; 250                ;
; Add Pass-Through Logic to Inferred RAMs                                    ; On                 ; On                 ;
; Infer RAMs from Raw Logic                                                  ; On                 ; On                 ;
; Parallel Synthesis                                                         ; On                 ; On                 ;
; DSP Block Balancing                                                        ; Auto               ; Auto               ;
; NOT Gate Push-Back                                                         ; On                 ; On                 ;
; Power-Up Don't Care                                                        ; On                 ; On                 ;
; Remove Redundant Logic Cells                                               ; Off                ; Off                ;
; Remove Duplicate Registers                                                 ; On                 ; On                 ;
; Ignore CARRY Buffers                                                       ; Off                ; Off                ;
; Ignore CASCADE Buffers                                                     ; Off                ; Off                ;
; Ignore GLOBAL Buffers                                                      ; Off                ; Off                ;
; Ignore ROW GLOBAL Buffers                                                  ; Off                ; Off                ;
; Ignore LCELL Buffers                                                       ; Off                ; Off                ;
; Ignore SOFT Buffers                                                        ; On                 ; On                 ;
; Limit AHDL Integers to 32 Bits                                             ; Off                ; Off                ;
; Optimization Technique                                                     ; Balanced           ; Balanced           ;
; Carry Chain Length                                                         ; 70                 ; 70                 ;
; Auto Carry Chains                                                          ; On                 ; On                 ;
; Auto Open-Drain Pins                                                       ; On                 ; On                 ;
; Perform WYSIWYG Primitive Resynthesis                                      ; Off                ; Off                ;
; Auto ROM Replacement                                                       ; On                 ; On                 ;
; Auto RAM Replacement                                                       ; On                 ; On                 ;
; Auto Shift Register Replacement                                            ; Auto               ; Auto               ;
; Allow Shift Register Merging across Hierarchies                            ; Auto               ; Auto               ;
; Auto Clock Enable Replacement                                              ; On                 ; On                 ;
; Strict RAM Replacement                                                     ; Off                ; Off                ;
; Allow Synchronous Control Signals                                          ; On                 ; On                 ;
; Force Use of Synchronous Clear Signals                                     ; Off                ; Off                ;
; Auto RAM to Logic Cell Conversion                                          ; Off                ; Off                ;
; Auto Resource Sharing                                                      ; Off                ; Off                ;
; Allow Any RAM Size For Recognition                                         ; Off                ; Off                ;
; Allow Any ROM Size For Recognition                                         ; Off                ; Off                ;
; Allow Any Shift Register Size For Recognition                              ; Off                ; Off                ;
; Use LogicLock Constraints during Resource Balancing                        ; On                 ; On                 ;
; Ignore translate_off and synthesis_off directives                          ; Off                ; Off                ;
; Timing-Driven Synthesis                                                    ; Off                ; Off                ;
; Report Parameter Settings                                                  ; On                 ; On                 ;
; Report Source Assignments                                                  ; On                 ; On                 ;
; Report Connectivity Checks                                                 ; On                 ; On                 ;
; Ignore Maximum Fan-Out Assignments                                         ; Off                ; Off                ;
; Synchronization Register Chain Length                                      ; 2                  ; 2                  ;
; PowerPlay Power Optimization                                               ; Normal compilation ; Normal compilation ;
; HDL message level                                                          ; Level2             ; Level2             ;
; Suppress Register Optimization Related Messages                            ; Off                ; Off                ;
; Number of Removed Registers Reported in Synthesis Report                   ; 5000               ; 5000               ;
; Number of Swept Nodes Reported in Synthesis Report                         ; 5000               ; 5000               ;
; Number of Inverted Registers Reported in Synthesis Report                  ; 100                ; 100                ;
; Clock MUX Protection                                                       ; On                 ; On                 ;
; Auto Gated Clock Conversion                                                ; Off                ; Off                ;
; Block Design Naming                                                        ; Auto               ; Auto               ;
; SDC constraint protection                                                  ; Off                ; Off                ;
; Synthesis Effort                                                           ; Auto               ; Auto               ;
; Shift Register Replacement - Allow Asynchronous Clear Signal               ; On                 ; On                 ;
; Analysis & Synthesis Message Level                                         ; Medium             ; Medium             ;
; Disable Register Merging Across Hierarchies                                ; Auto               ; Auto               ;
; Resource Aware Inference For Block RAM                                     ; On                 ; On                 ;
; Synthesis Seed                                                             ; 1                  ; 1                  ;
+----------------------------------------------------------------------------+--------------------+--------------------+


Parallel compilation was disabled, but you have multiple processors available. Enable parallel compilation to reduce compilation time.
+-------------------------------------+
; Parallel Compilation                ;
+----------------------------+--------+
; Processors                 ; Number ;
+----------------------------+--------+
; Number detected on machine ; 2      ;
; Maximum allowed            ; 1      ;
+----------------------------+--------+


+-----------------------------------------------------------------------------------------------------------------------------------------------------------+
; Analysis & Synthesis IP Cores Summary                                                                                                                     ;
+--------+--------------+---------+--------------+--------------+---------------------+---------------------------------------------------------------------+
; Vendor ; IP Core Name ; Version ; Release Date ; License Type ; Entity Instance     ; IP Include File                                                     ;
+--------+--------------+---------+--------------+--------------+---------------------+---------------------------------------------------------------------+
; Altera ; ROM: 1-PORT  ; 12.0    ; N/A          ; N/A          ; |OVPN|eth_frame:rom ; C:/Documents and Settings/student/Moje dokumenty/OVPN/eth_frame.vhd ;
+--------+--------------+---------+--------------+--------------+---------------------+---------------------------------------------------------------------+


+-------------------------------+
; Analysis & Synthesis Messages ;
+-------------------------------+
Info: *******************************************************************
Info: Running Quartus II 32-bit Analysis & Synthesis
    Info: Version 12.0 Build 263 08/02/2012 Service Pack 2 SJ Web Edition
    Info: Processing started: Wed Nov 23 13:48:02 2016
Info: Command: quartus_map --read_settings_files=on --write_settings_files=off OVPN -c OVPN
Warning (20028): Parallel compilation is not licensed and has been disabled
Info (12021): Found 2 design units, including 1 entities, in source file mdioshiftreg.vhd
    Info (12022): Found design unit 1: mdioshiftreg-RTL
    Info (12023): Found entity 1: mdioshiftreg
Info (12021): Found 2 design units, including 1 entities, in source file ovpn.vhd
    Info (12022): Found design unit 1: OVPN-RTL
    Info (12023): Found entity 1: OVPN
Info (12021): Found 2 design units, including 1 entities, in source file shiftreg.vhd
    Info (12022): Found design unit 1: shiftreg-RTL
    Info (12023): Found entity 1: shiftreg
Info (12021): Found 2 design units, including 1 entities, in source file rxcounters.vhd
    Info (12022): Found design unit 1: rxcounters-RTL
    Info (12023): Found entity 1: rxcounters
Info (12021): Found 2 design units, including 1 entities, in source file rx.vhd
    Info (12022): Found design unit 1: rx-RTL
    Info (12023): Found entity 1: rx
Info (12021): Found 2 design units, including 1 entities, in source file debouncer.vhd
    Info (12022): Found design unit 1: debounce-logic
    Info (12023): Found entity 1: debounce
Info (12021): Found 1 design units, including 0 entities, in source file common.vhd
    Info (12022): Found design unit 1: common
Info (12021): Found 2 design units, including 1 entities, in source file byteto7seg.vhd
    Info (12022): Found design unit 1: byteto7seg-RTL
    Info (12023): Found entity 1: byteto7seg
Info (12021): Found 2 design units, including 1 entities, in source file eth_frame.vhd
    Info (12022): Found design unit 1: eth_frame-SYN
    Info (12023): Found entity 1: eth_frame
Info (12127): Elaborating entity "OVPN" for the top level hierarchy
Warning (10541): VHDL Signal Declaration warning at OVPN.vhd(17): used implicit default value for signal "oHEX0_DP" because signal was never assigned a value or an explicit default value. Use of implicit default value may introduce unintended design optimizations.
Warning (10541): VHDL Signal Declaration warning at OVPN.vhd(19): used implicit default value for signal "oHEX1_DP" because signal was never assigned a value or an explicit default value. Use of implicit default value may introduce unintended design optimizations.
Warning (10541): VHDL Signal Declaration warning at OVPN.vhd(21): used implicit default value for signal "oHEX2_DP" because signal was never assigned a value or an explicit default value. Use of implicit default value may introduce unintended design optimizations.
Warning (10541): VHDL Signal Declaration warning at OVPN.vhd(23): used implicit default value for signal "oHEX3_DP" because signal was never assigned a value or an explicit default value. Use of implicit default value may introduce unintended design optimizations.
Warning (10541): VHDL Signal Declaration warning at OVPN.vhd(25): used implicit default value for signal "oHEX4_DP" because signal was never assigned a value or an explicit default value. Use of implicit default value may introduce unintended design optimizations.
Warning (10541): VHDL Signal Declaration warning at OVPN.vhd(27): used implicit default value for signal "oHEX5_DP" because signal was never assigned a value or an explicit default value. Use of implicit default value may introduce unintended design optimizations.
Warning (10541): VHDL Signal Declaration warning at OVPN.vhd(29): used implicit default value for signal "oHEX6_DP" because signal was never assigned a value or an explicit default value. Use of implicit default value may introduce unintended design optimizations.
Warning (10541): VHDL Signal Declaration warning at OVPN.vhd(31): used implicit default value for signal "oHEX7_DP" because signal was never assigned a value or an explicit default value. Use of implicit default value may introduce unintended design optimizations.
Warning (10036): Verilog HDL or VHDL warning at OVPN.vhd(121): object "DstMacNIB" assigned a value but never read
Warning (10036): Verilog HDL or VHDL warning at OVPN.vhd(126): object "FrameTypeDEBUG" assigned a value but never read
Warning (10540): VHDL Signal Declaration warning at OVPN.vhd(131): used explicit default value for signal "sreg_in" because signal was never assigned a value
Warning (10812): VHDL warning at OVPN.vhd(146): sensitivity list already contains Button
Warning (10873): Using initial value X (don't care) for net "oLEDG[7]" at OVPN.vhd(13)
Warning (10873): Using initial value X (don't care) for net "oLEDR[13..12]" at OVPN.vhd(14)
Warning (10873): Using initial value X (don't care) for net "oLEDR[10..6]" at OVPN.vhd(14)
Warning (10873): Using initial value X (don't care) for net "ButtonN[3..2]" at OVPN.vhd(115)
Info (12128): Elaborating entity "eth_frame" for hierarchy "eth_frame:rom"
Info (12128): Elaborating entity "altsyncram" for hierarchy "eth_frame:rom|altsyncram:altsyncram_component"
Info (12130): Elaborated megafunction instantiation "eth_frame:rom|altsyncram:altsyncram_component"
Info (12133): Instantiated megafunction "eth_frame:rom|altsyncram:altsyncram_component" with the following parameter:
    Info (12134): Parameter "clock_enable_input_a" = "BYPASS"
    Info (12134): Parameter "clock_enable_output_a" = "BYPASS"
    Info (12134): Parameter "init_file" = "dump3.hex"
    Info (12134): Parameter "intended_device_family" = "Cyclone II"
    Info (12134): Parameter "lpm_hint" = "ENABLE_RUNTIME_MOD=NO"
    Info (12134): Parameter "lpm_type" = "altsyncram"
    Info (12134): Parameter "numwords_a" = "256"
    Info (12134): Parameter "operation_mode" = "ROM"
    Info (12134): Parameter "outdata_aclr_a" = "NONE"
    Info (12134): Parameter "outdata_reg_a" = "CLOCK0"
    Info (12134): Parameter "widthad_a" = "8"
    Info (12134): Parameter "width_a" = "8"
    Info (12134): Parameter "width_byteena_a" = "1"
Info (12021): Found 1 design units, including 1 entities, in source file db/altsyncram_8v61.tdf
    Info (12023): Found entity 1: altsyncram_8v61
Info (12128): Elaborating entity "altsyncram_8v61" for hierarchy "eth_frame:rom|altsyncram:altsyncram_component|altsyncram_8v61:auto_generated"
Info (12128): Elaborating entity "byteto7seg" for hierarchy "byteto7seg:\generate_decoders:0:dec"
Info (12128): Elaborating entity "mdioshiftreg" for hierarchy "mdioshiftreg:sreg"
Info (10041): Inferred latch for "stopped" at mdioshiftreg.vhd(43)
Info (10041): Inferred latch for "sreg[0]" at mdioshiftreg.vhd(39)
Info (10041): Inferred latch for "sreg[1]" at mdioshiftreg.vhd(39)
Info (10041): Inferred latch for "sreg[2]" at mdioshiftreg.vhd(39)
Info (10041): Inferred latch for "sreg[3]" at mdioshiftreg.vhd(39)
Info (10041): Inferred latch for "sreg[4]" at mdioshiftreg.vhd(39)
Info (10041): Inferred latch for "sreg[5]" at mdioshiftreg.vhd(39)
Info (10041): Inferred latch for "sreg[6]" at mdioshiftreg.vhd(39)
Info (10041): Inferred latch for "sreg[7]" at mdioshiftreg.vhd(39)
Info (10041): Inferred latch for "sreg[8]" at mdioshiftreg.vhd(39)
Info (10041): Inferred latch for "sreg[9]" at mdioshiftreg.vhd(39)
Info (10041): Inferred latch for "sreg[10]" at mdioshiftreg.vhd(39)
Info (10041): Inferred latch for "sreg[11]" at mdioshiftreg.vhd(39)
Info (10041): Inferred latch for "sreg[12]" at mdioshiftreg.vhd(39)
Info (10041): Inferred latch for "sreg[13]" at mdioshiftreg.vhd(39)
Info (10041): Inferred latch for "sreg[14]" at mdioshiftreg.vhd(39)
Info (10041): Inferred latch for "sreg[15]" at mdioshiftreg.vhd(39)
Info (10041): Inferred latch for "dir" at mdioshiftreg.vhd(34)
Error (10028): Can't resolve multiple constant drivers for net "sreg[15]" at mdioshiftreg.vhd(53) File: C:/Documents and Settings/student/Moje dokumenty/OVPN/mdioshiftreg.vhd Line: 53
Error (10029): Constant driver at mdioshiftreg.vhd(39) File: C:/Documents and Settings/student/Moje dokumenty/OVPN/mdioshiftreg.vhd Line: 39
Error (10028): Can't resolve multiple constant drivers for net "sreg[14]" at mdioshiftreg.vhd(53) File: C:/Documents and Settings/student/Moje dokumenty/OVPN/mdioshiftreg.vhd Line: 53
Error (10028): Can't resolve multiple constant drivers for net "sreg[13]" at mdioshiftreg.vhd(53) File: C:/Documents and Settings/student/Moje dokumenty/OVPN/mdioshiftreg.vhd Line: 53
Error (10028): Can't resolve multiple constant drivers for net "sreg[12]" at mdioshiftreg.vhd(53) File: C:/Documents and Settings/student/Moje dokumenty/OVPN/mdioshiftreg.vhd Line: 53
Error (10028): Can't resolve multiple constant drivers for net "sreg[11]" at mdioshiftreg.vhd(53) File: C:/Documents and Settings/student/Moje dokumenty/OVPN/mdioshiftreg.vhd Line: 53
Error (10028): Can't resolve multiple constant drivers for net "sreg[10]" at mdioshiftreg.vhd(53) File: C:/Documents and Settings/student/Moje dokumenty/OVPN/mdioshiftreg.vhd Line: 53
Error (10028): Can't resolve multiple constant drivers for net "sreg[9]" at mdioshiftreg.vhd(53) File: C:/Documents and Settings/student/Moje dokumenty/OVPN/mdioshiftreg.vhd Line: 53
Error (10028): Can't resolve multiple constant drivers for net "sreg[8]" at mdioshiftreg.vhd(53) File: C:/Documents and Settings/student/Moje dokumenty/OVPN/mdioshiftreg.vhd Line: 53
Error (10028): Can't resolve multiple constant drivers for net "sreg[7]" at mdioshiftreg.vhd(53) File: C:/Documents and Settings/student/Moje dokumenty/OVPN/mdioshiftreg.vhd Line: 53
Error (10028): Can't resolve multiple constant drivers for net "sreg[6]" at mdioshiftreg.vhd(53) File: C:/Documents and Settings/student/Moje dokumenty/OVPN/mdioshiftreg.vhd Line: 53
Error (10028): Can't resolve multiple constant drivers for net "sreg[5]" at mdioshiftreg.vhd(53) File: C:/Documents and Settings/student/Moje dokumenty/OVPN/mdioshiftreg.vhd Line: 53
Error (10028): Can't resolve multiple constant drivers for net "sreg[4]" at mdioshiftreg.vhd(53) File: C:/Documents and Settings/student/Moje dokumenty/OVPN/mdioshiftreg.vhd Line: 53
Error (10028): Can't resolve multiple constant drivers for net "sreg[3]" at mdioshiftreg.vhd(53) File: C:/Documents and Settings/student/Moje dokumenty/OVPN/mdioshiftreg.vhd Line: 53
Error (10028): Can't resolve multiple constant drivers for net "sreg[2]" at mdioshiftreg.vhd(53) File: C:/Documents and Settings/student/Moje dokumenty/OVPN/mdioshiftreg.vhd Line: 53
Error (10028): Can't resolve multiple constant drivers for net "sreg[1]" at mdioshiftreg.vhd(53) File: C:/Documents and Settings/student/Moje dokumenty/OVPN/mdioshiftreg.vhd Line: 53
Error (10028): Can't resolve multiple constant drivers for net "sreg[0]" at mdioshiftreg.vhd(53) File: C:/Documents and Settings/student/Moje dokumenty/OVPN/mdioshiftreg.vhd Line: 53
Error (10028): Can't resolve multiple constant drivers for net "stopped" at mdioshiftreg.vhd(53) File: C:/Documents and Settings/student/Moje dokumenty/OVPN/mdioshiftreg.vhd Line: 53
Error (10029): Constant driver at mdioshiftreg.vhd(43) File: C:/Documents and Settings/student/Moje dokumenty/OVPN/mdioshiftreg.vhd Line: 43
Error (12152): Can't elaborate user hierarchy "mdioshiftreg:sreg" File: C:/Documents and Settings/student/Moje dokumenty/OVPN/OVPN.vhd Line: 201
Error: Quartus II 32-bit Analysis & Synthesis was unsuccessful. 20 errors, 17 warnings
    Error: Peak virtual memory: 304 megabytes
    Error: Processing ended: Wed Nov 23 13:48:07 2016
    Error: Elapsed time: 00:00:05
    Error: Total CPU time (on all processors): 00:00:04


